0 silly argv {
0 silly argv   _: [ 'bootstrap' ],
0 silly argv   'use-workspaces': true,
0 silly argv   useWorkspaces: true,
0 silly argv   lernaVersion: '5.3.0',
0 silly argv   '$0': '/Users/matteking/Dev/vue-mapp-kit-redux/node_modules/.bin/lerna'
0 silly argv }
1 notice cli v5.3.0
2 verbose rootPath /Users/matteking/Dev/vue-mapp-kit-redux
3 info versioning independent
4 error JSONError: Unexpected token "}" (0x7D) in JSON at position 755 while parsing near "...li-service lint\",\n  },\n  \"devDependencie..." in packages/esri-leaflet/package.json
4 error
4 error [0m [90m 26 |[39m     [32m"build:dist"[39m[33m:[39m [32m"vue-cli-service build --target lib --name mapp-kit-esri-leaflet './src/main.js'"[39m[33m,[39m[0m
4 error [0m [90m 27 |[39m     [32m"lint"[39m[33m:[39m [32m"vue-cli-service lint"[39m[33m,[39m[0m
4 error [0m[31m[1m>[22m[39m[90m 28 |[39m   }[33m,[39m[0m
4 error [0m [90m    |[39m   [31m[1m^[22m[39m[0m
4 error [0m [90m 29 |[39m   [32m"devDependencies"[39m[33m:[39m {[0m
4 error [0m [90m 30 |[39m     [32m"@vue/cli-plugin-babel"[39m[33m:[39m [32m"^5.0.8"[39m[33m,[39m[0m
4 error [0m [90m 31 |[39m     [32m"@vue/cli-plugin-eslint"[39m[33m:[39m [32m"^5.0.8"[39m[33m,[39m[0m
4 error
4 error     at parseJson (/Users/matteking/Dev/vue-mapp-kit-redux/node_modules/parse-json/index.js:29:21)
4 error     at parse (/Users/matteking/Dev/vue-mapp-kit-redux/node_modules/load-json-file/index.js:15:9)
4 error     at module.exports (/Users/matteking/Dev/vue-mapp-kit-redux/node_modules/load-json-file/index.js:18:47)
